C51 COMPILER V9.54   MAIN                                                                  11/06/2022 21:42:02 PAGE 1   


C51 COMPILER V9.54, COMPILATION OF MODULE MAIN
OBJECT MODULE PLACED IN .\Objects\hex\main.obj
COMPILER INVOKED BY: F:\Embedded_Technology_and_Applications\software\keil5_c51\C51\BIN\C51.EXE Objects\code\main.c OPTI
                    -MIZE(8,SPEED) BROWSE INCDIR(..\..\lib\tangsanglib) DEBUG OBJECTEXTEND PRINT(.\Listings\main.lst) TABS(2) OBJECT(.\Object
                    -s\hex\main.obj)

line level    source

   1          #include <REGX52.H>
   2          #include "c51tangsang.h"
   3          sbit RCK  = P3^5;  //RCLK
   4          sbit SRCK = P3^6;  //时钟 SRCLK
   5          sbit SER  = P3^4;  //串行数据 SER
   6          //写入数据
   7          void write_bite(unsigned char byte)
   8          {
   9   1        unsigned char i;
  10   1        //把数据放进寄存器，寄存器为不可位操作寄存器
  11   1        for(i=0;i<8;i++)
  12   1        {
  13   2          //把最高位取出来
  14   2          SER =byte&(0x80>>i);
  15   2        }
  16   1        //需要一个上升沿才能传入数据
  17   1        SER =1;
  18   1        //传入数据后让io保持低电平，为下一次传入数据做准备(下一次上升沿)
  19   1        SER =0;
  20   1      }
  21          void main()
  22          {
  23   1        //上电之后单片机的所有io都是高电平
  24   1        SER = 0;
  25   1        RCK = 0;
  26   1        write_bite(0xF0);
  27   1        while(1)
  28   1        {
  29   2          
  30   2        }
  31   1      }


MODULE INFORMATION:   STATIC OVERLAYABLE
   CODE SIZE        =     52    ----
   CONSTANT SIZE    =   ----    ----
   XDATA SIZE       =   ----    ----
   PDATA SIZE       =   ----    ----
   DATA SIZE        =   ----    ----
   IDATA SIZE       =   ----    ----
   BIT SIZE         =   ----    ----
END OF MODULE INFORMATION.


C51 COMPILATION COMPLETE.  0 WARNING(S),  0 ERROR(S)
