C51 COMPILER V9.54   MAIN                                                                  11/13/2022 17:26:13 PAGE 1   


C51 COMPILER V9.54, COMPILATION OF MODULE MAIN
OBJECT MODULE PLACED IN .\Objects\hex\main.obj
COMPILER INVOKED BY: D:\software\keil5\C51\BIN\C51.EXE Objects\code\main.c OPTIMIZE(8,SPEED) BROWSE DEBUG OBJECTEXTEND P
                    -RINT(.\Listings\main.lst) TABS(2) OBJECT(.\Objects\hex\main.obj)

line level    source

   1          #include <REGX52.H>
   2          #include <intrins.h>
   3          #include "c51tangsang.h"
   4          
   5          void show();
   6          
   7          void main()
   8          {
   9   1        time_1_init();
  10   1        while(1)
  11   1        {
  12   2          
  13   2        }
  14   1      }
  15          
  16          void show() interrupt 3
  17          {
  18   1        P2=0xAA;
  19   1      }


MODULE INFORMATION:   STATIC OVERLAYABLE
   CODE SIZE        =      9    ----
   CONSTANT SIZE    =   ----    ----
   XDATA SIZE       =   ----    ----
   PDATA SIZE       =   ----    ----
   DATA SIZE        =   ----    ----
   IDATA SIZE       =   ----    ----
   BIT SIZE         =   ----    ----
END OF MODULE INFORMATION.


C51 COMPILATION COMPLETE.  0 WARNING(S),  0 ERROR(S)
