C51 COMPILER V9.54   MAIN                                                                  02/18/2023 14:49:37 PAGE 1   


C51 COMPILER V9.54, COMPILATION OF MODULE MAIN
OBJECT MODULE PLACED IN .\Objects\hex\main.obj
COMPILER INVOKED BY: D:\software\keil5\C51\BIN\C51.EXE main.c OPTIMIZE(8,SPEED) BROWSE DEBUG OBJECTEXTEND PRINT(.\Listin
                    -gs\main.lst) OBJECT(.\Objects\hex\main.obj)

line level    source

   1          #include <REGX52.H>
   2          
   3          
   4          int main()
   5          {
   6   1              P0_0=1;
   7   1              P0_1=1;
   8   1              P0_2=0;
   9   1              P0_3=1;
  10   1              P0_4=1;
  11   1              P0_5=0;
  12   1              while(1)
  13   1              {
  14   2                      ;
  15   2              }
  16   1      }


MODULE INFORMATION:   STATIC OVERLAYABLE
   CODE SIZE        =     14    ----
   CONSTANT SIZE    =   ----    ----
   XDATA SIZE       =   ----    ----
   PDATA SIZE       =   ----    ----
   DATA SIZE        =   ----    ----
   IDATA SIZE       =   ----    ----
   BIT SIZE         =   ----    ----
END OF MODULE INFORMATION.


C51 COMPILATION COMPLETE.  0 WARNING(S),  0 ERROR(S)
