C51 COMPILER V9.54   MAIN                                                                  11/11/2022 15:34:53 PAGE 1   


C51 COMPILER V9.54, COMPILATION OF MODULE MAIN
OBJECT MODULE PLACED IN .\Objects\hex\main.obj
COMPILER INVOKED BY: D:\software\keil5\C51\BIN\C51.EXE Objects\code\main.c OPTIMIZE(8,SPEED) BROWSE DEBUG OBJECTEXTEND P
                    -RINT(.\Listings\main.lst) TABS(2) OBJECT(.\Objects\hex\main.obj)

line level    source

   1          #include <REGX52.H>
   2          unsigned int time_count=0;
   3          
   4          
   5          void time_init();//初始化计时器/定时器
   6          
   7          
   8          void time_init()
   9          {
  10   1        //TMOD = 0x01;//工作模式，不可位寻址，每一个位都有相应的含义，
  11   1        TMOD&=0xF0;//上面的写法可能存在与另一个定时器冲突的情况；
  12   1        TMOD|=0x01;//用&|的方式赋值不会影响另一个定时器的运行
  13   1        TF0=0;//默认应该是0不配置不影响，避免一开始就产生中断;
  14   1        TH0=64535/256;//高八位数据     晶振12mhz，一个周期为1us，最大65535us，
  15   1        TL0=64535%256;//低八位数据->64535 = 65535-1000; -> 1000us=1ms; 定时器单位为1ms
  16   1        ET0=1;//三个中断系统的接口
  17   1        EA=1;
  18   1        PT0=0;
  19   1        TR0=1; //定时器0的运行控制位
  20   1      }
  21          
  22          
  23          void time_on() interrupt 1
  24          {
  25   1        TH0=64535/256;//高八位数据     晶振12mhz，一个周期为1us，最大65535us，
  26   1        TL0=64535%256;//低八位数据->64535 = 65535-1000; -> 1000us=1ms; 定时器单位为1ms
  27   1        time_count++;
  28   1        if(time_count==1000)
  29   1        {
  30   2          time_count=0;
  31   2          P2=~P2;
  32   2        }
  33   1      }
  34          
  35          
  36          
  37          void main()
  38          {
  39   1        P2=0xAA;
  40   1        time_init();
  41   1        while(1)
  42   1        {
  43   2          
  44   2        }
  45   1      }
  46          


MODULE INFORMATION:   STATIC OVERLAYABLE
   CODE SIZE        =     71    ----
   CONSTANT SIZE    =   ----    ----
   XDATA SIZE       =   ----    ----
   PDATA SIZE       =   ----    ----
   DATA SIZE        =      2    ----
C51 COMPILER V9.54   MAIN                                                                  11/11/2022 15:34:53 PAGE 2   

   IDATA SIZE       =   ----    ----
   BIT SIZE         =   ----    ----
END OF MODULE INFORMATION.


C51 COMPILATION COMPLETE.  0 WARNING(S),  0 ERROR(S)
