C51 COMPILER V9.54   MAIN                                                                  11/09/2022 19:02:40 PAGE 1   


C51 COMPILER V9.54, COMPILATION OF MODULE MAIN
OBJECT MODULE PLACED IN .\Objects\hex\main.obj
COMPILER INVOKED BY: D:\software\keil5\C51\BIN\C51.EXE Objects\code\main.c OPTIMIZE(8,SPEED) BROWSE INCDIR(..\..\lib\tan
                    -gsanglib) DEBUG OBJECTEXTEND PRINT(.\Listings\main.lst) TABS(2) OBJECT(.\Objects\hex\main.obj)

line level    source

   1          #include <REGX52.H>
   2          #include "c51tangsang.h"
   3          #include <string.h>
   4          sbit RCK  = P3^5;  //RCLK
   5          sbit SRCK = P3^6;  //时钟 SRCLK
   6          sbit SER  = P3^4;  //串行数据 SER
   7          
   8          unsigned char clum[]={0xFE,0x0E,0x0F,0x1E,0x10,0x11,0x18,0x92,0x10,0x20,0xA8,0x92,0x10,0x20,0x88,0x8E,
   9          0x10,0x20,0x88,0x82,0x10,0x11,0x88,0x92,0x10,0x0E,0x48,0x8E,0x10,0x00,0x00,0x00,}; //显示图像的数据,静态显
             -示图像
  10          
  11          
  12          
  13          //写入数据
  14          void show_clum(unsigned char,unsigned char);
  15          static void write_byte(unsigned char);
  16          //此处阳极给1选中，行为共阳连接.
  17          static void write_byte(unsigned char byte)
  18          {
  19   1        unsigned char i;
  20   1        //把数据放进寄存器，寄存器为不可位操作寄存器利用& |压栈式赋值
  21   1        for(i=0;i<8;i++)
  22   1        {
  23   2          //把最高位取出来
  24   2          SER =byte>>7;
  25   2          byte<<=1;
  26   2          //时钟和rck该复习了
  27   2          SRCK =0;
  28   2          SRCK =1;
  29   2        }
  30   1        //需要一个上升沿才能传入数据
  31   1        RCK =1;
  32   1        //传入数据后让io保持低电平，为下一次传入数据做准备(下一次上升沿)
  33   1        RCK =0;
  34   1      }
  35          void show_clum(unsigned char clum,unsigned char Data)
  36          {
  37   1        write_byte(Data);
  38   1        P0=~(0x80>>(clum-1));
  39   1        //列为共阴极给0选中
  40   1      }
  41          //lattice_init
  42          void led_init()
  43          {
  44   1        SER = 0;
  45   1        RCK = 0;
  46   1      }
  47          void main()
  48          { 
  49   1        unsigned char cl;
  50   1        //上电之后单片机的所有io都是高电平
  51   1        led_init();
  52   1        while(1)
  53   1        {
C51 COMPILER V9.54   MAIN                                                                  11/09/2022 19:02:40 PAGE 2   

  54   2          for(cl=1;cl<=strlen(clum);cl++)
  55   2          {
  56   3            show_clum(cl,clum[cl-1]);
  57   3          }
  58   2          delay(500);
  59   2        }
  60   1      }


MODULE INFORMATION:   STATIC OVERLAYABLE
   CODE SIZE        =    110    ----
   CONSTANT SIZE    =   ----    ----
   XDATA SIZE       =   ----    ----
   PDATA SIZE       =   ----    ----
   DATA SIZE        =     32       1
   IDATA SIZE       =   ----    ----
   BIT SIZE         =   ----    ----
END OF MODULE INFORMATION.


C51 COMPILATION COMPLETE.  0 WARNING(S),  0 ERROR(S)
