C51 COMPILER V9.54   MAIN                                                                  11/16/2022 06:56:07 PAGE 1   


C51 COMPILER V9.54, COMPILATION OF MODULE MAIN
OBJECT MODULE PLACED IN .\Objects\hex\main.obj
COMPILER INVOKED BY: D:\software\keil5\C51\BIN\C51.EXE Objects\code\main.c OPTIMIZE(8,SPEED) BROWSE DEBUG OBJECTEXTEND P
                    -RINT(.\Listings\main.lst) OBJECT(.\Objects\hex\main.obj)

line level    source

   1          #include <intrins.h>
   2          #include "c51tangsang.h"
   3          
   4          uint butt=0;
   5          
   6          void main()
   7          {       
   8   1              P2=0xFF;
   9   1              while(1)
  10   1              {
  11   2                      butt=buttom_getstate_4();
  12   2                      switch(butt)
  13   2                      {
  14   3                              case 1:
  15   3                                      P2=P2-1;break;
  16   3                              case 2:
  17   3                                      P2=P2+1;break;
  18   3                              case 3:
  19   3                                      P2=0x0;break;
  20   3                              case 4:
  21   3                                      P2=0xFF;break;
  22   3                      }
  23   2              }
  24   1      }
  25          


MODULE INFORMATION:   STATIC OVERLAYABLE
   CODE SIZE        =     48    ----
   CONSTANT SIZE    =   ----    ----
   XDATA SIZE       =   ----    ----
   PDATA SIZE       =   ----    ----
   DATA SIZE        =      2    ----
   IDATA SIZE       =   ----    ----
   BIT SIZE         =   ----    ----
END OF MODULE INFORMATION.


C51 COMPILATION COMPLETE.  0 WARNING(S),  0 ERROR(S)
