C51 COMPILER V9.54   MAIN                                                                  01/08/2023 18:28:25 PAGE 1   


C51 COMPILER V9.54, COMPILATION OF MODULE MAIN
OBJECT MODULE PLACED IN .\Objects\hex\main.obj
COMPILER INVOKED BY: D:\software\keil5\C51\BIN\C51.EXE main.c OPTIMIZE(8,SPEED) BROWSE DEBUG OBJECTEXTEND PRINT(.\Listin
                    -gs\main.lst) OBJECT(.\Objects\hex\main.obj)

line level    source

   1          #include <REGX52.H>
   2          
   3          sfr buffer=0x99;
   4          
   5          //unsigned char data_;
   6          
   7          void UartInit(void)             //4800bps@11.0592MHz
   8          {
   9   1              PCON &= 0x7F;           //波特率不倍速
  10   1              SCON = 0x50;            //8位数据,可变波特率
  11   1              TMOD &= 0x0F;           //清除定时器1模式位
  12   1              TMOD |= 0x20;           //设定定时器1为8位自动重装方式
  13   1              TL1 = 0xFA;             //设定定时初值
  14   1              TH1 = 0xFA;             //设定定时器重装值
  15   1              ET1 = 0;                //禁止定时器1中断
  16   1              TR1 = 1;                //启动定时器1
  17   1              EA=1;
  18   1              ES=1;
  19   1      }
  20          
  21          
  22          void Uart_sendByte(unsigned char Byte)
  23          {
  24   1              buffer = Byte;
  25   1              while(TI==0);
  26   1              TI=0;
  27   1      }
  28          
  29          void Delay1ms()         //@12.000MHz
  30          {
  31   1              unsigned char i, j;
  32   1      
  33   1              i = 2;
  34   1              j = 239;
  35   1              do
  36   1              {
  37   2                      while (--j);
  38   2              } while (--i);
  39   1      }
  40          
  41          void ReceptionByte() interrupt 4
  42          {
  43   1              P2=~P2;
  44   1              if(RI==1)
  45   1              {
  46   2                      
  47   2                      Uart_sendByte(buffer);
  48   2                      RI=0;
  49   2              }
  50   1              // Uart_sendByte(buffer); 不能在中断函数中直接sendByte
  51   1              // 还是需要将数据外送才能继续发送
  52   1      }
  53          
  54          void main()
C51 COMPILER V9.54   MAIN                                                                  01/08/2023 18:28:25 PAGE 2   

  55          {
  56   1      
  57   1              UartInit();
  58   1              //当单片机接收到信息马上返回给computer--->收到就发出来
  59   1              while(1)
  60   1              {
  61   2                      
  62   2              }
  63   1                      
  64   1      }
  65          


MODULE INFORMATION:   STATIC OVERLAYABLE
   CODE SIZE        =     74    ----
   CONSTANT SIZE    =   ----    ----
   XDATA SIZE       =   ----    ----
   PDATA SIZE       =   ----    ----
   DATA SIZE        =   ----    ----
   IDATA SIZE       =   ----    ----
   BIT SIZE         =   ----    ----
END OF MODULE INFORMATION.


C51 COMPILATION COMPLETE.  0 WARNING(S),  0 ERROR(S)
