C51 COMPILER V9.54   MAIN                                                                  11/12/2022 12:20:43 PAGE 1   


C51 COMPILER V9.54, COMPILATION OF MODULE MAIN
OBJECT MODULE PLACED IN .\Objects\hex\main.obj
COMPILER INVOKED BY: D:\software\keil5\C51\BIN\C51.EXE Objects\code\main.c OPTIMIZE(8,SPEED) BROWSE DEBUG OBJECTEXTEND P
                    -RINT(.\Listings\main.lst) TABS(2) OBJECT(.\Objects\hex\main.obj)

line level    source

   1          #include <REGX52.H>
   2          #include <intrins.h>
   3          #include "c51tangsang.h"
   4          
   5          
   6          
   7          void main()
   8          {
   9   1        int i;
  10   1        while(1)
  11   1        {
  12   2          for(i=0;i<17;i++)
  13   2          {
  14   3            show_digital((i%10)+1,i);
  15   3            delay(100);
  16   3          }
  17   2        }
  18   1      }
  19          


MODULE INFORMATION:   STATIC OVERLAYABLE
   CODE SIZE        =     58    ----
   CONSTANT SIZE    =   ----    ----
   XDATA SIZE       =   ----    ----
   PDATA SIZE       =   ----    ----
   DATA SIZE        =   ----       2
   IDATA SIZE       =   ----    ----
   BIT SIZE         =   ----    ----
END OF MODULE INFORMATION.


C51 COMPILATION COMPLETE.  0 WARNING(S),  0 ERROR(S)
