C51 COMPILER V9.54   MAIN                                                                  11/22/2022 17:27:32 PAGE 1   


C51 COMPILER V9.54, COMPILATION OF MODULE MAIN
OBJECT MODULE PLACED IN .\Objects\hex\main.obj
COMPILER INVOKED BY: D:\software\keil5\C51\BIN\C51.EXE Objects\code\main.c OPTIMIZE(8,SPEED) BROWSE DEBUG OBJECTEXTEND P
                    -RINT(.\Listings\main.lst) OBJECT(.\Objects\hex\main.obj)

line level    source

   1          #include <intrins.h>
   2          #include "c51tangsang.h"
   3          
   4          
   5          int ms=0;
   6          
   7          //led呼吸灯
   8          int main()
   9          {
  10   1          time_0_us_init();
  11   1      //    time_0_case=0;
  12   1              while(1)
  13   1              {
  14   2      //              for(i=0;i<100;i++)
  15   2      //              {
  16   2      //            for(count=0;count<15;count++)
  17   2      //            {
  18   2      //                P2_0=0;
  19   2      //                delayus(i);
  20   2      //                P2_0=0xFF;
  21   2      //                delayus(100-i);
  22   2      //            }
  23   2      //              }
  24   2      //              for(i=100;i>0;i--)
  25   2      //              {
  26   2      //            for(count=0;count<15;count++)
  27   2      //            {
  28   2      //                P2_0=0;
  29   2      //                delayus(i);
  30   2      //                P2_0=0xFF;
  31   2      //                delayus(100-i);
  32   2      //            }
  33   2      //              }
  34   2      
  35   2      
  36   2      
  37   2      
  38   2              }
  39   1      }
  40          
  41          void addnum() interrupt 1
  42          {
  43   1          int i;
  44   1          TL0 = 0xFF;         //设置定时初值
  45   1          TH0 = 0xFF;         //设置定时初值
  46   1              ms++;
  47   1          for(i=0;i<5;i++)
  48   1          {
  49   2              if(ms<95)
  50   2              {
  51   3                  P2_0=0;
  52   3              }
  53   2              else
  54   2              {
C51 COMPILER V9.54   MAIN                                                                  11/22/2022 17:27:32 PAGE 2   

  55   3                  P2_0=1;
  56   3              }
  57   2          }
  58   1          ms%=100;
  59   1      }


MODULE INFORMATION:   STATIC OVERLAYABLE
   CODE SIZE        =    103    ----
   CONSTANT SIZE    =   ----    ----
   XDATA SIZE       =   ----    ----
   PDATA SIZE       =   ----    ----
   DATA SIZE        =      2    ----
   IDATA SIZE       =   ----    ----
   BIT SIZE         =   ----    ----
END OF MODULE INFORMATION.


C51 COMPILATION COMPLETE.  0 WARNING(S),  0 ERROR(S)
