C51 COMPILER V9.54   MAIN                                                                  11/26/2022 16:27:45 PAGE 1   


C51 COMPILER V9.54, COMPILATION OF MODULE MAIN
OBJECT MODULE PLACED IN .\Objects\hex\main.obj
COMPILER INVOKED BY: D:\software\keil5\C51\BIN\C51.EXE Objects\code\main.c OPTIMIZE(8,SPEED) BROWSE DEBUG OBJECTEXTEND P
                    -RINT(.\Listings\main.lst) OBJECT(.\Objects\hex\main.obj)

line level    source

   1          #include <intrins.h>
   2          #include "c51tangsang.h"
   3          
   4          void uart_init();
   5          void uart_sendbyte(unsigned char);
   6          
   7          //串口通信单片机---->电脑
   8          int main()
   9          {
  10   1          uart_init();
  11   1          uart_sendbyte(0x66);
  12   1              while(1)
  13   1              {
  14   2                      
  15   2              }
  16   1      }
  17          
  18          //void uart_init()
  19          //{
  20          //    PCON |=0x80;//波特率加倍，这个位在电源寄存器上，所以只能与运算改变值
  21          //    SCON = 0x40;//八位数据可变波特率---串行控制寄存器
  22          ////    AUXR &=0xBF;//定时器1时钟为12T
  23          ////    AUXR &=0xFE;//选择定时器1作为波特率发生器
  24          //    TMOD &=0x0F;//将定时器1模式置零，准备设置定时器1
  25          //    TMOD |=0x20;//设定定时器1为八位自动重装
  26          //    TL1 = 0xF3;//设定定时器初值
  27          //    TH1 = 0xF3;//设定定时器初值
  28          //    ET1 =0; //禁止定时器1中断
  29          //    TR1=1; //启动定时器1
  30          //}
  31          //void uart_init(void)          //2400bps@12.000MHz
  32          //{
  33          //    PCON &= 0x7F;             //波特率不倍速
  34          //    SCON = 0x50;              //8位数据,可变波特率
  35          ////    AUXR &= 0xBF;           //定时器1时钟为Fosc/12,即12T
  36          ////    AUXR &= 0xFE;           //串口1选择定时器1为波特率发生器
  37          //    TMOD &= 0x0F;             //清除定时器1模式位
  38          //    TMOD |= 0x20;             //设定定时器1为8位自动重装方式
  39          //    TL1 = 0xF3;               //设定定时初值
  40          //    TH1 = 0xF3;               //设定定时器重装值
  41          //    ET1 = 0;          //禁止定时器1中断
  42          //    TR1 = 1;          //启动定时器1
  43          //}
  44          
  45          void uart_init(void)            //4800bps@11.0592MHz
  46          {
  47   1          PCON &= 0x7F;               //波特率不倍速
  48   1          SCON = 0x50;                //8位数据,可变波特率
  49   1      //    AUXR &= 0xBF;             //定时器1时钟为Fosc/12,即12T
  50   1      //    AUXR &= 0xFE;             //串口1选择定时器1为波特率发生器
  51   1          TMOD &= 0x0F;               //清除定时器1模式位
  52   1          TMOD |= 0x20;               //设定定时器1为8位自动重装方式
  53   1          TL1 = 0xFA;         //设定定时初值
  54   1          TH1 = 0xFA;         //设定定时器重装值
C51 COMPILER V9.54   MAIN                                                                  11/26/2022 16:27:45 PAGE 2   

  55   1          ET1 = 0;            //禁止定时器1中断
  56   1          TR1 = 1;            //启动定时器1
  57   1      }
  58          
  59          void uart_sendbyte(unsigned char byte)
  60          {
  61   1          SBUF=byte;
  62   1              while(TI==0);
  63   1              TI=0;
  64   1      }


MODULE INFORMATION:   STATIC OVERLAYABLE
   CODE SIZE        =     41    ----
   CONSTANT SIZE    =   ----    ----
   XDATA SIZE       =   ----    ----
   PDATA SIZE       =   ----    ----
   DATA SIZE        =   ----    ----
   IDATA SIZE       =   ----    ----
   BIT SIZE         =   ----    ----
END OF MODULE INFORMATION.


C51 COMPILATION COMPLETE.  0 WARNING(S),  0 ERROR(S)
