C51 COMPILER V9.54   MAIN                                                                  11/24/2022 16:59:04 PAGE 1   


C51 COMPILER V9.54, COMPILATION OF MODULE MAIN
OBJECT MODULE PLACED IN .\Objects\hex\main.obj
COMPILER INVOKED BY: D:\software\keil5\C51\BIN\C51.EXE Objects\code\main.c OPTIMIZE(8,SPEED) BROWSE DEBUG OBJECTEXTEND P
                    -RINT(.\Listings\main.lst) OBJECT(.\Objects\hex\main.obj)

line level    source

   1          #include <intrins.h>
   2          #include "c51tangsang.h"
   3          #define LED P2
   4          
   5          int ms=0,compare;
   6          
   7          //led呼吸灯
   8          int main()
   9          {
  10   1          time_0_us_init();
  11   1          compare=90;
  12   1              while(1)
  13   1              {
  14   2      //              for(i=0;i<100;i++)
  15   2      //              {
  16   2      //            for(count=0;count<15;count++)
  17   2      //            {
  18   2      //                P2_0=0;
  19   2      //                delayus(i);
  20   2      //                P2_0=0xFF;
  21   2      //                delayus(100-i);
  22   2      //            }
  23   2      //              }
  24   2      //              for(i=100;i>0;i--)
  25   2      //              {
  26   2      //            for(count=0;count<15;count++) 
  27   2      //            {
  28   2      //                P2_0=0;
  29   2      //                delayus(i);
  30   2      //                P2_0=0xFF;
  31   2      //                delayus(100-i);
  32   2      //            }
  33   2      //              }
  34   2      
  35   2      
  36   2      
  37   2              }
  38   1      }
  39          
  40          void addnum() interrupt 1
  41          {
  42   1          unsigned int bright_time,out_time;
  43   1          TH0=0XFC;           //设置定时初值
  44   1          TL0=0x18;           //设置定时初值
  45   1              ms++;
  46   1              ms%=1000;
  47   1          if(ms==1000)    //1s
  48   1          {
  49   2              ms=0;
  50   2      
  51   2              for(bright_time=0;bright_time<=500;bright_time++)
  52   2              {
  53   3                  //暗的时间减少，亮的时间增加
  54   3                  out_time=500-bright_time;
C51 COMPILER V9.54   MAIN                                                                  11/24/2022 16:59:04 PAGE 2   

  55   3                  //暗
  56   3                  LED=0xff;
  57   3                  delay(out_time);
  58   3                  //亮
  59   3                  LED=0x00;
  60   3                  delay(bright_time);
  61   3              }
  62   2      
  63   2              for(out_time=0;out_time<=500;out_time++)
  64   2              {
  65   3                  //暗的时间增加，亮的时间减少
  66   3                  bright_time=500-out_time;
  67   3                  //亮
  68   3                  LED=0x00;
  69   3                  delay(bright_time);
  70   3                  //暗
  71   3                  LED=0xff;
  72   3                  delay(out_time);
  73   3              }
  74   2          }
  75   1      
  76   1      }


MODULE INFORMATION:   STATIC OVERLAYABLE
   CODE SIZE        =    221    ----
   CONSTANT SIZE    =   ----    ----
   XDATA SIZE       =   ----    ----
   PDATA SIZE       =   ----    ----
   DATA SIZE        =      4       4
   IDATA SIZE       =   ----    ----
   BIT SIZE         =   ----    ----
END OF MODULE INFORMATION.


C51 COMPILATION COMPLETE.  0 WARNING(S),  0 ERROR(S)
