C51 COMPILER V9.54   MAIN                                                                  11/26/2022 17:54:19 PAGE 1   


C51 COMPILER V9.54, COMPILATION OF MODULE MAIN
OBJECT MODULE PLACED IN .\Objects\hex\main.obj
COMPILER INVOKED BY: D:\software\keil5\C51\BIN\C51.EXE Objects\code\main.c OPTIMIZE(8,SPEED) BROWSE DEBUG OBJECTEXTEND P
                    -RINT(.\Listings\main.lst) OBJECT(.\Objects\hex\main.obj)

line level    source

   1          #include <intrins.h>
   2          #include "c51tangsang.h"
   3          
   4          
   5          int main()
   6          {
   7   1              uart_init();
   8   1          uart_sendbyte(date_uart);
   9   1              while(1)
  10   1              {
  11   2      
  12   2              }
  13   1      }
  14          


MODULE INFORMATION:   STATIC OVERLAYABLE
   CODE SIZE        =     10    ----
   CONSTANT SIZE    =   ----    ----
   XDATA SIZE       =   ----    ----
   PDATA SIZE       =   ----    ----
   DATA SIZE        =   ----    ----
   IDATA SIZE       =   ----    ----
   BIT SIZE         =   ----    ----
END OF MODULE INFORMATION.


C51 COMPILATION COMPLETE.  0 WARNING(S),  0 ERROR(S)
